This is pdfTeX, Version 3.141592653-2.6-1.40.22 (TeX Live 2022/dev/Debian) (preloaded format=latex 2023.5.1)  1 MAY 2023 08:15
entering extended mode
 restricted \write18 enabled.
 %&-line parsing enabled.
**IOPLaTeXGuidelines.tex
(./IOPLaTeXGuidelines.tex
LaTeX2e <2021-11-15> patch level 1
L3 programming layer <2022-01-21> (./iopart.cls
Document Class: iopart 1996/06/10 v0.0 IOP Journals LaTeX article class
(./iopart12.clo
File: iopart12.clo 1997/01/15 v1.0 LaTeX2e file (size option)
)
\c@jnl=\count185
\c@section=\count186
\c@subsection=\count187
\c@subsubsection=\count188
\c@paragraph=\count189
\c@subparagraph=\count190
\c@figure=\count191
\c@table=\count192
\abovecaptionskip=\skip47
\belowcaptionskip=\skip48
\indentedwidth=\skip49
\mathindent=\dimen138
\c@eqnval=\count193
)
(/usr/share/texlive/texmf-dist/tex/latex/l3backend/l3backend-dvips.def
File: l3backend-dvips.def 2022-01-12 L3 backend support: dvips
\l__pdf_internal_box=\box50
\g__pdf_backend_object_int=\count194
\l__pdf_backend_content_box=\box51
\l__pdf_backend_model_box=\box52
\g__pdf_backend_annotation_int=\count195
\g__pdf_backend_link_int=\count196
\g__pdf_backend_link_sf_int=\count197
)
(./IOPLaTeXGuidelines.aux)
\openout1 = `IOPLaTeXGuidelines.aux'.

LaTeX Font Info:    Checking defaults for OML/cmm/m/it on input line 46.
LaTeX Font Info:    ... okay on input line 46.
LaTeX Font Info:    Checking defaults for OMS/cmsy/m/n on input line 46.
LaTeX Font Info:    ... okay on input line 46.
LaTeX Font Info:    Checking defaults for OT1/cmr/m/n on input line 46.
LaTeX Font Info:    ... okay on input line 46.
LaTeX Font Info:    Checking defaults for T1/cmr/m/n on input line 46.
LaTeX Font Info:    ... okay on input line 46.
LaTeX Font Info:    Checking defaults for TS1/cmr/m/n on input line 46.
LaTeX Font Info:    ... okay on input line 46.
LaTeX Font Info:    Checking defaults for OMX/cmex/m/n on input line 46.
LaTeX Font Info:    ... okay on input line 46.
LaTeX Font Info:    Checking defaults for U/cmr/m/n on input line 46.
LaTeX Font Info:    ... okay on input line 46.
LaTeX Font Info:    External font `cmex10' loaded for size
(Font)              <17.28> on input line 49.
LaTeX Font Info:    External font `cmex10' loaded for size
(Font)              <12> on input line 49.
LaTeX Font Info:    External font `cmex10' loaded for size
(Font)              <7> on input line 61.
LaTeX Font Info:    External font `cmex10' loaded for size
(Font)              <5> on input line 61.
LaTeX Font Info:    External font `cmex10' loaded for size
(Font)              <8> on input line 96.
LaTeX Font Info:    External font `cmex10' loaded for size
(Font)              <6> on input line 96.
 [1

] [2] [3]
Underfull \hbox (badness 4492) in paragraph at lines 203--208
[]\OT1/cmr/m/n/12 For the nu-mer-i-cal (Van-cou-ver) ref-er-ence style we rec-o
m-mend that au-
 []


Underfull \hbox (badness 6625) in paragraph at lines 203--208
\OT1/cmr/m/n/12 thors use [][]\OT1/cmtt/m/n/12 unsrt.bst[]\OT1/cmr/m/n/12 ; thi
s does not quite fol-low the style of pub-
 []


Underfull \hbox (badness 1675) in paragraph at lines 203--208
\OT1/cmr/m/n/12 lished ar-ti-cles in our jour-nals but this is not a prob-lem. 
Al-ter-na-tively
 []


Underfull \hbox (badness 3323) in paragraph at lines 203--208
\OT1/cmr/m/n/12 closely matches that in pub-lished ar-ti-cles. The file is avai
l-able from
 []


Underfull \hbox (badness 4353) in paragraph at lines 208--217
\OT1/cmr/m/n/12 the [][]\OT1/cmtt/m/n/12 harvard.sty []\OT1/cmr/m/n/12 in conju
nction with the [][]\OT1/cmtt/m/n/12 jphysicsB.bst []\OT1/cmr/m/n/12 BibTeX sty
le
 []


Underfull \hbox (badness 1077) in paragraph at lines 208--217
\OT1/cmr/m/n/12 file. These, and accompanying documentation, can be downloaded 
from 
 []


Underfull \hbox (badness 1147) in paragraph at lines 208--217
[][]\OT1/cmtt/m/n/12 http://www.ctan.org/tex-archive/macros/latex/contrib/harva
rd/[]\OT1/cmr/m/n/12 . Note
 []

[4] [5] [6]
Underfull \hbox (badness 2644) in paragraph at lines 337--350
[]\OT1/cmr/m/n/12 For article types other than papers, [][]\OT1/cmtt/m/n/12 iop
art.cls []\OT1/cmr/m/n/12 has a generic heading
 []

[7] [8] [9] [10] [11]
Underfull \hbox (badness 10000) in alignment at lines 645--658
[] [] [] [][][][][][][][][][][][][]
 []

[12] [13]
Underfull \hbox (badness 2012) in paragraph at lines 742--747
[]\OT1/cmr/m/n/12 Sometimes it is useful to number equations as parts of the sa
me basic
 []

[14]
Underfull \hbox (badness 2384) in paragraph at lines 759--761
[]\OT1/cmr/m/n/12 Equation labels within the [][]\OT1/cmtt/m/n/12 \eqnarray []\
OT1/cmr/m/n/12 environment will be referenced as
 []

[15] [16] [17] [18] [19]
Underfull \hbox (badness 1082) in paragraph at lines 1083--1083
[]\OT1/cmr/bx/n/10 Table 4. []\OT1/cmr/m/n/10 Alternatives to the normal refere
nces command $\OMS/cmsy/m/n/10 n$\OT1/cmtt/m/n/10 ref \OT1/cmr/m/n/10 available
 in
 []

[20] [21] [22] [23]
Underfull \hbox (badness 3098) in paragraph at lines 1274--1279
[]\OT1/cmr/m/n/12 For more detail about graphics inclusion see the documentatio
n of the
 []


Underfull \hbox (badness 2197) in paragraph at lines 1274--1279
[][]\OT1/cmtt/m/n/12 graphicx []\OT1/cmr/m/n/12 package, refer to one of the bo
oks on L[]T[]X, e.g. Goosens M,
 []

[24] [25] [26

]
Underfull \vbox (badness 10000) has occurred while \output is active []

 [27]
[28


]
Overfull \hbox (2.62785pt too wide) in paragraph at lines 1508--1532
[][] 
 []

[29

] [30

] (./IOPLaTeXGuidelines.aux) )
(\end occurred inside a group at level 1)

### simple group (level 1) entered at line 1278 ({)
### bottom level 
Here is how much of TeX's memory you used:
 777 strings out of 480248
 10065 string characters out of 5896178
 318301 words of memory out of 5000000
 18778 multiletter control sequences out of 15000+600000
 480180 words of font info for 64 fonts, out of 8000000 for 9000
 14 hyphenation exceptions out of 8191
 33i,14n,38p,806b,527s stack positions out of 5000i,500n,10000p,200000b,80000s

Output written on IOPLaTeXGuidelines.dvi (30 pages, 105572 bytes).
